<?xml version="1.0" encoding="UTF-8"?>
<!-- Generated by org.testng.reporters.JUnitReportReporter -->
<testsuite hostname="DESKTOP-28NIEE6" failures="0" tests="1" name="testsclasses.TC_04_AddressTest" time="17.159" errors="0" timestamp="2022-08-11T10:38:57 IST" skipped="0">
  <testcase classname="testsclasses.TC_04_AddressTest" name="RunTC_04_AddressTest" time="17.159"/>
  <system-out/>
</testsuite> <!-- testsclasses.TC_04_AddressTest -->
