<?xml version="1.0" encoding="UTF-8"?>
<!-- Generated by org.testng.reporters.JUnitReportReporter -->
<testsuite hostname="DESKTOP-28NIEE6" failures="0" tests="1" name="testsclasses.TC_03_CartTest" time="22.255" errors="0" timestamp="2022-08-11T10:38:57 IST" skipped="0">
  <testcase classname="testsclasses.TC_03_CartTest" name="RunTC_03_CartTest" time="22.255"/>
  <system-out/>
</testsuite> <!-- testsclasses.TC_03_CartTest -->
