<?xml version="1.0" encoding="UTF-8"?>
<!-- Generated by org.testng.reporters.JUnitReportReporter -->
<testsuite hostname="DESKTOP-PTBT4NO" failures="0" tests="1" name="testsclasses.OnlinePlanVerificationTest" time="5.929" errors="0" timestamp="2022-04-13T15:15:50 IST" skipped="0">
  <testcase classname="testsclasses.OnlinePlanVerificationTest" name="buyonlinePlan" time="5.929"/>
  <system-out/>
</testsuite> <!-- testsclasses.OnlinePlanVerificationTest -->
