<?xml version="1.0" encoding="UTF-8"?>
<!-- Generated by org.testng.reporters.JUnitReportReporter -->
<testsuite hostname="DESKTOP-28NIEE6" failures="0" tests="1" name="testsclasses.RunHometestclass" time="25.856" errors="0" timestamp="2022-06-20T14:18:45 IST" skipped="0">
  <testcase classname="testsclasses.RunHometestclass" name="RunSearchbox" time="25.856"/>
  <system-out/>
</testsuite> <!-- testsclasses.RunHometestclass -->
