<?xml version="1.0" encoding="UTF-8"?>
<!-- Generated by org.testng.reporters.JUnitReportReporter -->
<testsuite hostname="DESKTOP-28NIEE6" failures="0" tests="1" name="testsclasses.TC_031_Dilevery_Test" time="23.686" errors="0" timestamp="2022-08-11T10:38:57 IST" skipped="0">
  <testcase classname="testsclasses.TC_031_Dilevery_Test" name="RunTC_031_Dilevery_Test" time="23.686"/>
  <system-out/>
</testsuite> <!-- testsclasses.TC_031_Dilevery_Test -->
